[2022-08-04 11:19:58] local.ERROR: require(/home/muffingod/Documents/laravel/todo_api/routes/web.php): Failed to open stream: No such file or directory {"exception":"[object] (ErrorException(code: 0): require(/home/muffingod/Documents/laravel/todo_api/routes/web.php): Failed to open stream: No such file or directory at /home/muffingod/Documents/laravel/todo_api/vendor/laravel/framework/src/Illuminate/Routing/RouteFileRegistrar.php:35)
[stacktrace]
#0 /home/muffingod/Documents/laravel/todo_api/vendor/laravel/framework/src/Illuminate/Foundation/Bootstrap/HandleExceptions.php(257): Illuminate\\Foundation\\Bootstrap\\HandleExceptions->handleError()
#1 /home/muffingod/Documents/laravel/todo_api/vendor/laravel/framework/src/Illuminate/Routing/RouteFileRegistrar.php(35): Illuminate\\Foundation\\Bootstrap\\HandleExceptions->Illuminate\\Foundation\\Bootstrap\\{closure}()
#2 /home/muffingod/Documents/laravel/todo_api/vendor/laravel/framework/src/Illuminate/Routing/RouteFileRegistrar.php(35): require('...')
#3 /home/muffingod/Documents/laravel/todo_api/vendor/laravel/framework/src/Illuminate/Routing/Router.php(430): Illuminate\\Routing\\RouteFileRegistrar->register()
#4 /home/muffingod/Documents/laravel/todo_api/vendor/laravel/framework/src/Illuminate/Routing/Router.php(386): Illuminate\\Routing\\Router->loadRoutes()
#5 /home/muffingod/Documents/laravel/todo_api/vendor/laravel/framework/src/Illuminate/Routing/RouteRegistrar.php(165): Illuminate\\Routing\\Router->group()
#6 /home/muffingod/Documents/laravel/todo_api/app/Providers/RouteServiceProvider.php(37): Illuminate\\Routing\\RouteRegistrar->group()
#7 /home/muffingod/Documents/laravel/todo_api/vendor/laravel/framework/src/Illuminate/Container/BoundMethod.php(36): App\\Providers\\RouteServiceProvider->App\\Providers\\{closure}()
#8 /home/muffingod/Documents/laravel/todo_api/vendor/laravel/framework/src/Illuminate/Container/Util.php(41): Illuminate\\Container\\BoundMethod::Illuminate\\Container\\{closure}()
#9 /home/muffingod/Documents/laravel/todo_api/vendor/laravel/framework/src/Illuminate/Container/BoundMethod.php(81): Illuminate\\Container\\Util::unwrapIfClosure()
#10 /home/muffingod/Documents/laravel/todo_api/vendor/laravel/framework/src/Illuminate/Container/BoundMethod.php(37): Illuminate\\Container\\BoundMethod::callBoundMethod()
#11 /home/muffingod/Documents/laravel/todo_api/vendor/laravel/framework/src/Illuminate/Container/Container.php(651): Illuminate\\Container\\BoundMethod::call()
#12 /home/muffingod/Documents/laravel/todo_api/vendor/laravel/framework/src/Illuminate/Foundation/Support/Providers/RouteServiceProvider.php(120): Illuminate\\Container\\Container->call()
#13 /home/muffingod/Documents/laravel/todo_api/vendor/laravel/framework/src/Illuminate/Foundation/Support/Providers/RouteServiceProvider.php(45): Illuminate\\Foundation\\Support\\Providers\\RouteServiceProvider->loadRoutes()
#14 /home/muffingod/Documents/laravel/todo_api/vendor/laravel/framework/src/Illuminate/Container/BoundMethod.php(36): Illuminate\\Foundation\\Support\\Providers\\RouteServiceProvider->Illuminate\\Foundation\\Support\\Providers\\{closure}()
#15 /home/muffingod/Documents/laravel/todo_api/vendor/laravel/framework/src/Illuminate/Container/Util.php(41): Illuminate\\Container\\BoundMethod::Illuminate\\Container\\{closure}()
#16 /home/muffingod/Documents/laravel/todo_api/vendor/laravel/framework/src/Illuminate/Container/BoundMethod.php(81): Illuminate\\Container\\Util::unwrapIfClosure()
#17 /home/muffingod/Documents/laravel/todo_api/vendor/laravel/framework/src/Illuminate/Container/BoundMethod.php(37): Illuminate\\Container\\BoundMethod::callBoundMethod()
#18 /home/muffingod/Documents/laravel/todo_api/vendor/laravel/framework/src/Illuminate/Container/Container.php(651): Illuminate\\Container\\BoundMethod::call()
#19 /home/muffingod/Documents/laravel/todo_api/vendor/laravel/framework/src/Illuminate/Support/ServiceProvider.php(119): Illuminate\\Container\\Container->call()
#20 /home/muffingod/Documents/laravel/todo_api/vendor/laravel/framework/src/Illuminate/Foundation/Application.php(933): Illuminate\\Support\\ServiceProvider->callBootedCallbacks()
#21 /home/muffingod/Documents/laravel/todo_api/vendor/laravel/framework/src/Illuminate/Foundation/Application.php(911): Illuminate\\Foundation\\Application->bootProvider()
#22 [internal function]: Illuminate\\Foundation\\Application->Illuminate\\Foundation\\{closure}()
#23 /home/muffingod/Documents/laravel/todo_api/vendor/laravel/framework/src/Illuminate/Foundation/Application.php(912): array_walk()
#24 /home/muffingod/Documents/laravel/todo_api/vendor/laravel/framework/src/Illuminate/Foundation/Bootstrap/BootProviders.php(17): Illuminate\\Foundation\\Application->boot()
#25 /home/muffingod/Documents/laravel/todo_api/vendor/laravel/framework/src/Illuminate/Foundation/Application.php(239): Illuminate\\Foundation\\Bootstrap\\BootProviders->bootstrap()
#26 /home/muffingod/Documents/laravel/todo_api/vendor/laravel/framework/src/Illuminate/Foundation/Console/Kernel.php(310): Illuminate\\Foundation\\Application->bootstrapWith()
#27 /home/muffingod/Documents/laravel/todo_api/vendor/laravel/framework/src/Illuminate/Foundation/Console/Kernel.php(127): Illuminate\\Foundation\\Console\\Kernel->bootstrap()
#28 /home/muffingod/Documents/laravel/todo_api/artisan(37): Illuminate\\Foundation\\Console\\Kernel->handle()
#29 {main}
"} 
